c:\users\박상준\source\blockchain\release\blockchain.ipdb
c:\users\박상준\source\blockchain\release\blockchain.iobj
f:\on going research\blockchain\release\blockchain.ipdb
f:\on going research\blockchain\release\blockchain.iobj
c:\users\박상준\source\blockchain\blockchain\release\blockchain.pch
c:\users\박상준\source\blockchain\blockchain\release\vc141.pdb
c:\users\박상준\source\blockchain\blockchain\release\pch.obj
c:\users\박상준\source\blockchain\blockchain\release\sha256.obj
c:\users\박상준\source\blockchain\blockchain\release\memory_manage.obj
c:\users\박상준\source\blockchain\blockchain\release\ldpc.obj
c:\users\박상준\source\blockchain\blockchain\release\blockheader.obj
c:\users\박상준\source\blockchain\blockchain\release\blockchain.obj
f:\on going research\blockchain\blockchain\release\blockchain.pch
f:\on going research\blockchain\blockchain\release\vc141.pdb
f:\on going research\blockchain\blockchain\release\pch.obj
f:\on going research\blockchain\blockchain\release\sha256.obj
f:\on going research\blockchain\blockchain\release\memory_manage.obj
f:\on going research\blockchain\blockchain\release\ldpc.obj
f:\on going research\blockchain\blockchain\release\blockheader.obj
f:\on going research\blockchain\blockchain\release\blockchain.obj
c:\users\박상준\source\blockchain\release\blockchain.exe
c:\users\박상준\source\blockchain\release\blockchain.pdb
f:\on going research\blockchain\release\blockchain.exe
f:\on going research\blockchain\release\blockchain.pdb
f:\on going research\blockchain\blockchain\release\blockchain.tlog\blockchain.write.1u.tlog
f:\on going research\blockchain\blockchain\release\blockchain.tlog\cl.command.1.tlog
f:\on going research\blockchain\blockchain\release\blockchain.tlog\cl.read.1.tlog
f:\on going research\blockchain\blockchain\release\blockchain.tlog\cl.write.1.tlog
f:\on going research\blockchain\blockchain\release\blockchain.tlog\link.command.1.tlog
f:\on going research\blockchain\blockchain\release\blockchain.tlog\link.read.1.tlog
f:\on going research\blockchain\blockchain\release\blockchain.tlog\link.write.1.tlog
